<?xml version="1.0" encoding="UTF-8"?>
<!-- Generated by org.testng.reporters.JUnitXMLReporter -->
<testsuite hostname="DCCPLBNG-861" ignored="0" name="Default test" tests="3" failures="0" timestamp="05 Nov 2018 11:36:09 GMT" time="26.122" errors="0">
  <testcase name="VerifyHomePageTitle" time="0.028" classname="com.dealnsum.qa.testcases.HomePageTest"/>
  <testcase name="VerifySettingButton" time="11.172" classname="com.dealnsum.qa.testcases.HomePageTest"/>
  <testcase name="VerifyUser" time="0.323" classname="com.dealnsum.qa.testcases.HomePageTest"/>
</testsuite> <!-- Default test -->
