<?xml version="1.0" encoding="UTF-8"?>
<!-- Generated by org.testng.reporters.JUnitXMLReporter -->
<testsuite hostname="DCCPLBNG-861" ignored="0" name="DealNsum Test Cases" tests="6" failures="0" timestamp="24 Oct 2018 05:52:53 GMT" time="124.14" errors="0">
  <testcase name="VerifyHomePageTitle" time="0.09" classname="com.dealnsum.qa.testcases.HomePageTest"/>
  <testcase name="VarifyLoginPageTitle" time="0.024" classname="com.dealnsum.qa.testcases.LoginPageTest"/>
  <testcase name="VerifyUser" time="2.413" classname="com.dealnsum.qa.testcases.HomePageTest"/>
  <testcase name="VarifyLoginPageLogo" time="1.589" classname="com.dealnsum.qa.testcases.LoginPageTest"/>
  <testcase name="VerifySettingButton" time="11.255" classname="com.dealnsum.qa.testcases.HomePageTest"/>
  <testcase name="VarifyLogin" time="3.2" classname="com.dealnsum.qa.testcases.LoginPageTest"/>
</testsuite> <!-- DealNsum Test Cases -->
