<?xml version="1.0" encoding="UTF-8"?>
<!-- Generated by org.testng.reporters.JUnitXMLReporter -->
<testsuite hostname="DCCPLBNG-861" ignored="0" name="classtest" tests="6" failures="0" timestamp="22 Oct 2018 11:24:03 GMT" time="86.639" errors="0">
  <testcase name="VarifyLoginPageTitle" time="0.094" classname="com.dealnsum.qa.testcases.LoginPageTest"/>
  <testcase name="VerifyHomePageTitle" time="0.091" classname="com.dealnsum.qa.testcases.HomePageTest"/>
  <testcase name="VarifyLoginPageLogo" time="1.103" classname="com.dealnsum.qa.testcases.LoginPageTest"/>
  <testcase name="VerifyUser" time="0.49" classname="com.dealnsum.qa.testcases.HomePageTest"/>
  <testcase name="VarifyLogin" time="2.85" classname="com.dealnsum.qa.testcases.LoginPageTest"/>
  <testcase name="VerifySettingButton" time="11.196" classname="com.dealnsum.qa.testcases.HomePageTest"/>
</testsuite> <!-- classtest -->
